{
  "RSpec": {
    "coverage": {
      "/Users/pedrocastanheira/Projects/week9/bank/spec/account_spec.rb": [
        1,
        null,
        1,
        6,
        2,
        2,
        null,
        1,
        1,
        1,
        null,
        null,
        null,
        1,
        1,
        1,
        null,
        null,
        1,
        4,
        null,
        null,
        null,
        1,
        1,
        1,
        null,
        null,
        1,
        1,
        null,
        null,
        1,
        1,
        null,
        null,
        null
      ],
      "/Users/pedrocastanheira/Projects/week9/bank/lib/account.rb": [
        1,
        1,
        null,
        1,
        6,
        6,
        null,
        null,
        1,
        0,
        0,
        0,
        null,
        null,
        1,
        1,
        null,
        null,
        1,
        2,
        null,
        null
      ],
      "/Users/pedrocastanheira/Projects/week9/bank/spec/transaction_spec.rb": [
        1,
        null,
        1,
        1,
        null,
        1,
        1,
        1,
        1,
        null,
        null,
        1,
        1,
        1,
        1,
        null,
        null,
        null,
        null
      ],
      "/Users/pedrocastanheira/Projects/week9/bank/lib/transaction.rb": [
        1,
        null,
        1,
        1,
        null,
        null,
        null
      ]
    },
    "timestamp": 1488809635
  }
}
