{
  "RSpec": {
    "coverage": {
      "/Users/pedrocastanheira/Projects/week9/bank/spec/account_spec.rb": [
        1,
        null,
        1,
        1,
        3,
        3,
        null,
        1,
        1,
        1,
        null,
        null,
        null,
        1,
        1,
        1,
        null,
        null,
        null
      ],
      "/Users/pedrocastanheira/Projects/week9/bank/lib/account.rb": [
        1,
        1,
        null,
        1,
        1,
        null,
        1,
        2,
        null,
        null,
        1,
        0,
        0,
        null,
        null
      ],
      "/Users/pedrocastanheira/Projects/week9/bank/lib/transaction.rb": [
        1,
        1,
        null,
        1,
        3,
        3,
        3,
        null,
        null
      ],
      "/Users/pedrocastanheira/Projects/week9/bank/lib/transaction_log.rb": [
        1,
        null,
        1,
        1,
        null,
        1,
        3,
        3,
        3,
        null,
        null,
        1,
        1,
        1,
        null,
        null,
        1,
        3,
        null,
        null,
        1,
        null,
        1,
        3,
        3,
        2,
        null,
        null
      ],
      "/Users/pedrocastanheira/Projects/week9/bank/spec/printer_spec.rb": [
        1,
        null,
        1,
        1,
        1,
        1,
        null,
        null,
        1,
        null,
        null,
        null,
        null,
        1,
        null,
        null,
        null,
        null,
        1,
        null,
        null,
        null,
        null,
        2,
        null,
        null,
        null
      ],
      "/Users/pedrocastanheira/Projects/week9/bank/lib/printer.rb": [
        null,
        1,
        null,
        1,
        1,
        1,
        null,
        null,
        null,
        1,
        2,
        null,
        null,
        null,
        null,
        null,
        null
      ],
      "/Users/pedrocastanheira/Projects/week9/bank/spec/transaction_log_spec.rb": [
        1,
        null,
        1,
        4,
        4,
        2,
        2,
        1,
        3,
        3,
        3,
        null,
        null,
        1,
        1,
        4,
        null,
        null,
        null,
        1,
        1,
        1,
        null,
        null,
        1,
        1,
        1,
        1,
        1,
        1,
        1,
        1,
        1,
        1,
        1,
        null,
        null,
        null
      ],
      "/Users/pedrocastanheira/Projects/week9/bank/spec/transaction_spec.rb": [
        1,
        null,
        1,
        1,
        1,
        4,
        4,
        null,
        1,
        1,
        1,
        1,
        null,
        null,
        null,
        1,
        1,
        1,
        1,
        null,
        null,
        null,
        1,
        1,
        1,
        1,
        null,
        null,
        null,
        null
      ]
    },
    "timestamp": 1488891888
  }
}
